<?xml version="1.0" encoding="UTF-8"?>
<testsuite xmlns:xsi="http://www.w3.org/2001/XMLSchema-instance" xsi:noNamespaceSchemaLocation="https://maven.apache.org/surefire/maven-surefire-plugin/xsd/surefire-test-report.xsd" version="3.0.2" name="bstack_def.TestRunner" time="436.198" tests="13" errors="0" skipped="0" failures="0">
  <properties>
[...]
</properties>
  <testcase name="user is able to login with valid crediantials" classname="Check user is able to login" time="34.245">
    <system-out><![CDATA[
&amp#27;[1mScenario:&amp#27;[22m user is able to login with valid crediantials &amp#27;[90m# file:///C:/Users/raviy/eclipse-workspace/bstack_demo/src/test/resources/features/01login.feature:2&amp#27;[39m
  &amp#27;[32mâœ”&amp#27;[39m &amp#27;[32m&amp#27;[1mGiven &amp#27;[22mlogin page will open in default browser&amp#27;[39m       &amp#27;[90m# bstack_def.login.login_page_will_open_in_default_browser()&amp#27;[39m
  &amp#27;[32mâœ”&amp#27;[39m &amp#27;[32m&amp#27;[1mWhen &amp#27;[22musername and password&amp#27;[39m                          &amp#27;[90m# bstack_def.login.username_and_password()&amp#27;[39m
user login succesfull
  &amp#27;[32mâœ”&amp#27;[39m &amp#27;[32m&amp#27;[1mThen &amp#27;[22muser login successfully&amp#27;[39m                        &amp#27;[90m# bstack_def.login.user_login_successfully()&amp#27;[39m
]]></system-out>
    <system-err><![CDATA[Sep 06, 2025 2:59:28 PM org.openqa.selenium.devtools.CdpVersionFinder findNearestMatch
WARNING: Unable to find CDP implementation matching 140
Sep 06, 2025 2:59:28 PM org.openqa.selenium.chromium.ChromiumDriver lambda$new$5
WARNING: Unable to find version of CDP to use for 140.0.7339.81. You may need to include a dependency on a specific version of the CDP using something similar to `org.seleniumhq.selenium:selenium-devtools-v86:4.22.0` where the version ("v86") matches the version of the chromium-based browser you're using and the version number of the artifact is the same as Selenium's.
Sep 06, 2025 2:59:59 PM org.openqa.selenium.remote.http.WebSocket$Listener onError
WARNING: Connection reset
java.net.SocketException: Connection reset
	at java.base/sun.nio.ch.SocketChannelImpl.throwConnectionReset(SocketChannelImpl.java:394)
	at java.base/sun.nio.ch.SocketChannelImpl.read(SocketChannelImpl.java:426)
	at java.net.http/jdk.internal.net.http.SocketTube.readAvailable(SocketTube.java:1170)
	at java.net.http/jdk.internal.net.http.SocketTube$InternalReadPublisher$InternalReadSubscription.read(SocketTube.java:833)
	at java.net.http/jdk.internal.net.http.SocketTube$SocketFlowTask.run(SocketTube.java:181)
	at java.net.http/jdk.internal.net.http.common.SequentialScheduler$SchedulableTask.run(SequentialScheduler.java:230)
	at java.net.http/jdk.internal.net.http.common.SequentialScheduler.runOrSchedule(SequentialScheduler.java:303)
	at java.net.http/jdk.internal.net.http.common.SequentialScheduler.runOrSchedule(SequentialScheduler.java:256)
	at java.net.http/jdk.internal.net.http.SocketTube$InternalReadPublisher$InternalReadSubscription.signalReadable(SocketTube.java:774)
	at java.net.http/jdk.internal.net.http.SocketTube$InternalReadPublisher$ReadEvent.signalEvent(SocketTube.java:957)
	at java.net.http/jdk.internal.net.http.SocketTube$SocketFlowEvent.handle(SocketTube.java:253)
	at java.net.http/jdk.internal.net.http.HttpClientImpl$SelectorManager.handleEvent(HttpClientImpl.java:982)
	at java.net.http/jdk.internal.net.http.HttpClientImpl$SelectorManager.lambda$run$3(HttpClientImpl.java:937)
	at java.base/java.util.ArrayList.forEach(ArrayList.java:1511)
	at java.net.http/jdk.internal.net.http.HttpClientImpl$SelectorManager.run(HttpClientImpl.java:937)

]]></system-err>
  </testcase>
  <testcase name="check user is able to add product to cart and delete it" classname="check cart functionality" time="38.296">
    <system-out><![CDATA[
&amp#27;[1mScenario:&amp#27;[22m check user is able to add product to cart and delete it &amp#27;[90m# file:///C:/Users/raviy/eclipse-workspace/bstack_demo/src/test/resources/features/add_delcart.feature:2&amp#27;[39m
  &amp#27;[32mâœ”&amp#27;[39m &amp#27;[32m&amp#27;[1mGiven &amp#27;[22mcart page will be open in default browser&amp#27;[39m               &amp#27;[90m# bstack_def.cart.cart_page_will_be_open_in_default_browser()&amp#27;[39m
  &amp#27;[32mâœ”&amp#27;[39m &amp#27;[32m&amp#27;[1mWhen &amp#27;[22mselect product addto cart and delete from cart&amp#27;[39m           &amp#27;[90m# bstack_def.cart.select_product_addto_cart_and_delete_from_cart()&amp#27;[39m
product added to cart
product deleted from cart
  &amp#27;[32mâœ”&amp#27;[39m &amp#27;[32m&amp#27;[1mThen &amp#27;[22mcart page working successfull&amp#27;[39m                            &amp#27;[90m# bstack_def.cart.cart_page_working_successfull()&amp#27;[39m
]]></system-out>
    <system-err><![CDATA[Sep 06, 2025 3:00:01 PM org.openqa.selenium.devtools.CdpVersionFinder findNearestMatch
WARNING: Unable to find CDP implementation matching 140
Sep 06, 2025 3:00:01 PM org.openqa.selenium.chromium.ChromiumDriver lambda$new$5
WARNING: Unable to find version of CDP to use for 140.0.7339.81. You may need to include a dependency on a specific version of the CDP using something similar to `org.seleniumhq.selenium:selenium-devtools-v86:4.22.0` where the version ("v86") matches the version of the chromium-based browser you're using and the version number of the artifact is the same as Selenium's.
Sep 06, 2025 3:00:37 PM org.openqa.selenium.remote.http.WebSocket$Listener onError
WARNING: Connection reset
java.net.SocketException: Connection reset
	at java.base/sun.nio.ch.SocketChannelImpl.throwConnectionReset(SocketChannelImpl.java:394)
	at java.base/sun.nio.ch.SocketChannelImpl.read(SocketChannelImpl.java:426)
	at java.net.http/jdk.internal.net.http.SocketTube.readAvailable(SocketTube.java:1170)
	at java.net.http/jdk.internal.net.http.SocketTube$InternalReadPublisher$InternalReadSubscription.read(SocketTube.java:833)
	at java.net.http/jdk.internal.net.http.SocketTube$SocketFlowTask.run(SocketTube.java:181)
	at java.net.http/jdk.internal.net.http.common.SequentialScheduler$SchedulableTask.run(SequentialScheduler.java:230)
	at java.net.http/jdk.internal.net.http.common.SequentialScheduler.runOrSchedule(SequentialScheduler.java:303)
	at java.net.http/jdk.internal.net.http.common.SequentialScheduler.runOrSchedule(SequentialScheduler.java:256)
	at java.net.http/jdk.internal.net.http.SocketTube$InternalReadPublisher$InternalReadSubscription.signalReadable(SocketTube.java:774)
	at java.net.http/jdk.internal.net.http.SocketTube$InternalReadPublisher$ReadEvent.signalEvent(SocketTube.java:957)
	at java.net.http/jdk.internal.net.http.SocketTube$SocketFlowEvent.handle(SocketTube.java:253)
	at java.net.http/jdk.internal.net.http.HttpClientImpl$SelectorManager.handleEvent(HttpClientImpl.java:982)
	at java.net.http/jdk.internal.net.http.HttpClientImpl$SelectorManager.lambda$run$3(HttpClientImpl.java:937)
	at java.base/java.util.ArrayList.forEach(ArrayList.java:1511)
	at java.net.http/jdk.internal.net.http.HttpClientImpl$SelectorManager.run(HttpClientImpl.java:937)

]]></system-err>
  </testcase>
  <testcase name="check user is able to add product into favourites" classname="check favourite functionality" time="34.555">
    <system-out><![CDATA[
&amp#27;[1mScenario:&amp#27;[22m check user is able to add product into favourites &amp#27;[90m# file:///C:/Users/raviy/eclipse-workspace/bstack_demo/src/test/resources/features/favourites.feature:2&amp#27;[39m
  &amp#27;[32mâœ”&amp#27;[39m &amp#27;[32m&amp#27;[1mGiven &amp#27;[22mfavourites page should be open in default browser&amp#27;[39m &amp#27;[90m# bstack_def.favourites.favourites_page_should_be_open_in_default_browser()&amp#27;[39m
  &amp#27;[32mâœ”&amp#27;[39m &amp#27;[32m&amp#27;[1mWhen &amp#27;[22mclick on product and add to favourites&amp#27;[39m             &amp#27;[90m# bstack_def.favourites.click_on_product_and_add_to_favourites()&amp#27;[39m
successfully product added to favourites
  &amp#27;[32mâœ”&amp#27;[39m &amp#27;[32m&amp#27;[1mThen &amp#27;[22mproduct succesfully added to favourites&amp#27;[39m            &amp#27;[90m# bstack_def.favourites.product_succesfully_added_to_favourites()&amp#27;[39m
]]></system-out>
    <system-err><![CDATA[Sep 06, 2025 3:00:39 PM org.openqa.selenium.devtools.CdpVersionFinder findNearestMatch
WARNING: Unable to find CDP implementation matching 140
Sep 06, 2025 3:00:39 PM org.openqa.selenium.chromium.ChromiumDriver lambda$new$5
WARNING: Unable to find version of CDP to use for 140.0.7339.81. You may need to include a dependency on a specific version of the CDP using something similar to `org.seleniumhq.selenium:selenium-devtools-v86:4.22.0` where the version ("v86") matches the version of the chromium-based browser you're using and the version number of the artifact is the same as Selenium's.
Sep 06, 2025 3:01:12 PM org.openqa.selenium.remote.http.WebSocket$Listener onError
WARNING: Connection reset
java.net.SocketException: Connection reset
	at java.base/sun.nio.ch.SocketChannelImpl.throwConnectionReset(SocketChannelImpl.java:394)
	at java.base/sun.nio.ch.SocketChannelImpl.read(SocketChannelImpl.java:426)
	at java.net.http/jdk.internal.net.http.SocketTube.readAvailable(SocketTube.java:1170)
	at java.net.http/jdk.internal.net.http.SocketTube$InternalReadPublisher$InternalReadSubscription.read(SocketTube.java:833)
	at java.net.http/jdk.internal.net.http.SocketTube$SocketFlowTask.run(SocketTube.java:181)
	at java.net.http/jdk.internal.net.http.common.SequentialScheduler$SchedulableTask.run(SequentialScheduler.java:230)
	at java.net.http/jdk.internal.net.http.common.SequentialScheduler.runOrSchedule(SequentialScheduler.java:303)
	at java.net.http/jdk.internal.net.http.common.SequentialScheduler.runOrSchedule(SequentialScheduler.java:256)
	at java.net.http/jdk.internal.net.http.SocketTube$InternalReadPublisher$InternalReadSubscription.signalReadable(SocketTube.java:774)
	at java.net.http/jdk.internal.net.http.SocketTube$InternalReadPublisher$ReadEvent.signalEvent(SocketTube.java:957)
	at java.net.http/jdk.internal.net.http.SocketTube$SocketFlowEvent.handle(SocketTube.java:253)
	at java.net.http/jdk.internal.net.http.HttpClientImpl$SelectorManager.handleEvent(HttpClientImpl.java:982)
	at java.net.http/jdk.internal.net.http.HttpClientImpl$SelectorManager.lambda$run$3(HttpClientImpl.java:937)
	at java.base/java.util.ArrayList.forEach(ArrayList.java:1511)
	at java.net.http/jdk.internal.net.http.HttpClientImpl$SelectorManager.run(HttpClientImpl.java:937)

]]></system-err>
  </testcase>
  <testcase name="login and logut" classname="check logout" time="36.048">
    <system-out><![CDATA[
&amp#27;[1mScenario:&amp#27;[22m login and logut                &amp#27;[90m# file:///C:/Users/raviy/eclipse-workspace/bstack_demo/src/test/resources/features/logout.feature:2&amp#27;[39m
  &amp#27;[32mâœ”&amp#27;[39m &amp#27;[32m&amp#27;[1mGiven &amp#27;[22mlogout open in default browser&amp#27;[39m &amp#27;[90m# bstack_def.logout.logout_open_in_default_browser()&amp#27;[39m
  &amp#27;[32mâœ”&amp#27;[39m &amp#27;[32m&amp#27;[1mWhen &amp#27;[22mclick on login and logout&amp#27;[39m       &amp#27;[90m# bstack_def.logout.click_on_login_and_logout()&amp#27;[39m
logout successfully
  &amp#27;[32mâœ”&amp#27;[39m &amp#27;[32m&amp#27;[1mThen &amp#27;[22mlogout successfully&amp#27;[39m             &amp#27;[90m# bstack_def.logout.logout_successfully()&amp#27;[39m
]]></system-out>
    <system-err><![CDATA[Sep 06, 2025 3:01:13 PM org.openqa.selenium.devtools.CdpVersionFinder findNearestMatch
WARNING: Unable to find CDP implementation matching 140
Sep 06, 2025 3:01:13 PM org.openqa.selenium.chromium.ChromiumDriver lambda$new$5
WARNING: Unable to find version of CDP to use for 140.0.7339.81. You may need to include a dependency on a specific version of the CDP using something similar to `org.seleniumhq.selenium:selenium-devtools-v86:4.22.0` where the version ("v86") matches the version of the chromium-based browser you're using and the version number of the artifact is the same as Selenium's.
Sep 06, 2025 3:01:48 PM org.openqa.selenium.remote.http.WebSocket$Listener onError
WARNING: Connection reset
java.net.SocketException: Connection reset
	at java.base/sun.nio.ch.SocketChannelImpl.throwConnectionReset(SocketChannelImpl.java:394)
	at java.base/sun.nio.ch.SocketChannelImpl.read(SocketChannelImpl.java:426)
	at java.net.http/jdk.internal.net.http.SocketTube.readAvailable(SocketTube.java:1170)
	at java.net.http/jdk.internal.net.http.SocketTube$InternalReadPublisher$InternalReadSubscription.read(SocketTube.java:833)
	at java.net.http/jdk.internal.net.http.SocketTube$SocketFlowTask.run(SocketTube.java:181)
	at java.net.http/jdk.internal.net.http.common.SequentialScheduler$SchedulableTask.run(SequentialScheduler.java:230)
	at java.net.http/jdk.internal.net.http.common.SequentialScheduler.runOrSchedule(SequentialScheduler.java:303)
	at java.net.http/jdk.internal.net.http.common.SequentialScheduler.runOrSchedule(SequentialScheduler.java:256)
	at java.net.http/jdk.internal.net.http.SocketTube$InternalReadPublisher$InternalReadSubscription.signalReadable(SocketTube.java:774)
	at java.net.http/jdk.internal.net.http.SocketTube$InternalReadPublisher$ReadEvent.signalEvent(SocketTube.java:957)
	at java.net.http/jdk.internal.net.http.SocketTube$SocketFlowEvent.handle(SocketTube.java:253)
	at java.net.http/jdk.internal.net.http.HttpClientImpl$SelectorManager.handleEvent(HttpClientImpl.java:982)
	at java.net.http/jdk.internal.net.http.HttpClientImpl$SelectorManager.lambda$run$3(HttpClientImpl.java:937)
	at java.base/java.util.ArrayList.forEach(ArrayList.java:1511)
	at java.net.http/jdk.internal.net.http.HttpClientImpl$SelectorManager.run(HttpClientImpl.java:937)

]]></system-err>
  </testcase>
  <testcase name="offers" classname="check offers" time="32.754">
    <system-out><![CDATA[
&amp#27;[1mScenario:&amp#27;[22m offers                              &amp#27;[90m# file:///C:/Users/raviy/eclipse-workspace/bstack_demo/src/test/resources/features/offers.feature:2&amp#27;[39m
  &amp#27;[32mâœ”&amp#27;[39m &amp#27;[32m&amp#27;[1mGiven &amp#27;[22moffers page open in default browser&amp#27;[39m &amp#27;[90m# bstack_def.offers.offers_page_open_in_default_browser()&amp#27;[39m
  &amp#27;[32mâœ”&amp#27;[39m &amp#27;[32m&amp#27;[1mWhen &amp#27;[22mclick on offers and check&amp#27;[39m            &amp#27;[90m# bstack_def.offers.click_on_offers_and_check()&amp#27;[39m
offers displayed
  &amp#27;[32mâœ”&amp#27;[39m &amp#27;[32m&amp#27;[1mThen &amp#27;[22moffers will be displayed&amp#27;[39m             &amp#27;[90m# bstack_def.offers.offers_will_be_displayed()&amp#27;[39m
]]></system-out>
    <system-err><![CDATA[Sep 06, 2025 3:01:49 PM org.openqa.selenium.devtools.CdpVersionFinder findNearestMatch
WARNING: Unable to find CDP implementation matching 140
Sep 06, 2025 3:01:49 PM org.openqa.selenium.chromium.ChromiumDriver lambda$new$5
WARNING: Unable to find version of CDP to use for 140.0.7339.81. You may need to include a dependency on a specific version of the CDP using something similar to `org.seleniumhq.selenium:selenium-devtools-v86:4.22.0` where the version ("v86") matches the version of the chromium-based browser you're using and the version number of the artifact is the same as Selenium's.
Sep 06, 2025 3:02:21 PM org.openqa.selenium.remote.http.WebSocket$Listener onError
WARNING: Connection reset
java.net.SocketException: Connection reset
	at java.base/sun.nio.ch.SocketChannelImpl.throwConnectionReset(SocketChannelImpl.java:394)
	at java.base/sun.nio.ch.SocketChannelImpl.read(SocketChannelImpl.java:426)
	at java.net.http/jdk.internal.net.http.SocketTube.readAvailable(SocketTube.java:1170)
	at java.net.http/jdk.internal.net.http.SocketTube$InternalReadPublisher$InternalReadSubscription.read(SocketTube.java:833)
	at java.net.http/jdk.internal.net.http.SocketTube$SocketFlowTask.run(SocketTube.java:181)
	at java.net.http/jdk.internal.net.http.common.SequentialScheduler$SchedulableTask.run(SequentialScheduler.java:230)
	at java.net.http/jdk.internal.net.http.common.SequentialScheduler.runOrSchedule(SequentialScheduler.java:303)
	at java.net.http/jdk.internal.net.http.common.SequentialScheduler.runOrSchedule(SequentialScheduler.java:256)
	at java.net.http/jdk.internal.net.http.SocketTube$InternalReadPublisher$InternalReadSubscription.signalReadable(SocketTube.java:774)
	at java.net.http/jdk.internal.net.http.SocketTube$InternalReadPublisher$ReadEvent.signalEvent(SocketTube.java:957)
	at java.net.http/jdk.internal.net.http.SocketTube$SocketFlowEvent.handle(SocketTube.java:253)
	at java.net.http/jdk.internal.net.http.HttpClientImpl$SelectorManager.handleEvent(HttpClientImpl.java:982)
	at java.net.http/jdk.internal.net.http.HttpClientImpl$SelectorManager.lambda$run$3(HttpClientImpl.java:937)
	at java.base/java.util.ArrayList.forEach(ArrayList.java:1511)
	at java.net.http/jdk.internal.net.http.HttpClientImpl$SelectorManager.run(HttpClientImpl.java:937)

]]></system-err>
  </testcase>
  <testcase name="check orders" classname="check orders" time="45.959">
    <system-out><![CDATA[
&amp#27;[1mScenario:&amp#27;[22m check orders                                  &amp#27;[90m# file:///C:/Users/raviy/eclipse-workspace/bstack_demo/src/test/resources/features/orders.feature:2&amp#27;[39m
  &amp#27;[32mâœ”&amp#27;[39m &amp#27;[32m&amp#27;[1mGiven &amp#27;[22morders page should be open in default browser&amp#27;[39m &amp#27;[90m# bstack_def.orders.orders_page_should_be_open_in_default_browser()&amp#27;[39m
  &amp#27;[32mâœ”&amp#27;[39m &amp#27;[32m&amp#27;[1mWhen &amp#27;[22mproduct add to cart and see orders&amp#27;[39m             &amp#27;[90m# bstack_def.orders.product_add_to_cart_and_see_orders()&amp#27;[39m
order placed succesfully
  &amp#27;[32mâœ”&amp#27;[39m &amp#27;[32m&amp#27;[1mThen &amp#27;[22morder placed successfully&amp#27;[39m                      &amp#27;[90m# bstack_def.orders.order_placed_successfully()&amp#27;[39m
]]></system-out>
    <system-err><![CDATA[Sep 06, 2025 3:02:22 PM org.openqa.selenium.devtools.CdpVersionFinder findNearestMatch
WARNING: Unable to find CDP implementation matching 140
Sep 06, 2025 3:02:22 PM org.openqa.selenium.chromium.ChromiumDriver lambda$new$5
WARNING: Unable to find version of CDP to use for 140.0.7339.81. You may need to include a dependency on a specific version of the CDP using something similar to `org.seleniumhq.selenium:selenium-devtools-v86:4.22.0` where the version ("v86") matches the version of the chromium-based browser you're using and the version number of the artifact is the same as Selenium's.
Sep 06, 2025 3:03:07 PM org.openqa.selenium.remote.http.WebSocket$Listener onError
WARNING: Connection reset
java.net.SocketException: Connection reset
	at java.base/sun.nio.ch.SocketChannelImpl.throwConnectionReset(SocketChannelImpl.java:394)
	at java.base/sun.nio.ch.SocketChannelImpl.read(SocketChannelImpl.java:426)
	at java.net.http/jdk.internal.net.http.SocketTube.readAvailable(SocketTube.java:1170)
	at java.net.http/jdk.internal.net.http.SocketTube$InternalReadPublisher$InternalReadSubscription.read(SocketTube.java:833)
	at java.net.http/jdk.internal.net.http.SocketTube$SocketFlowTask.run(SocketTube.java:181)
	at java.net.http/jdk.internal.net.http.common.SequentialScheduler$SchedulableTask.run(SequentialScheduler.java:230)
	at java.net.http/jdk.internal.net.http.common.SequentialScheduler.runOrSchedule(SequentialScheduler.java:303)
	at java.net.http/jdk.internal.net.http.common.SequentialScheduler.runOrSchedule(SequentialScheduler.java:256)
	at java.net.http/jdk.internal.net.http.SocketTube$InternalReadPublisher$InternalReadSubscription.signalReadable(SocketTube.java:774)
	at java.net.http/jdk.internal.net.http.SocketTube$InternalReadPublisher$ReadEvent.signalEvent(SocketTube.java:957)
	at java.net.http/jdk.internal.net.http.SocketTube$SocketFlowEvent.handle(SocketTube.java:253)
	at java.net.http/jdk.internal.net.http.HttpClientImpl$SelectorManager.handleEvent(HttpClientImpl.java:982)
	at java.net.http/jdk.internal.net.http.HttpClientImpl$SelectorManager.lambda$run$3(HttpClientImpl.java:937)
	at java.base/java.util.ArrayList.forEach(ArrayList.java:1511)
	at java.net.http/jdk.internal.net.http.HttpClientImpl$SelectorManager.run(HttpClientImpl.java:937)

]]></system-err>
  </testcase>
  <testcase name="product search #1" classname="check user is able to search the products" time="25.005">
    <system-out><![CDATA[
&amp#27;[1mScenario Outline:&amp#27;[22m product search                      &amp#27;[90m# file:///C:/Users/raviy/eclipse-workspace/bstack_demo/src/test/resources/features/search.feature:8&amp#27;[39m
  &amp#27;[32mâœ”&amp#27;[39m &amp#27;[32m&amp#27;[1mGiven &amp#27;[22msearch page will be open in default browser&amp#27;[39m &amp#27;[90m# bstack_def.search.search_page_will_be_open_in_default_browser()&amp#27;[39m
  &amp#27;[32mâœ”&amp#27;[39m &amp#27;[32m&amp#27;[1mWhen &amp#27;[22menter multiple search &amp#27;[1mApple&amp#27;[22m&amp#27;[39m                  &amp#27;[90m# bstack_def.search.enter_multiple_search_item(java.lang.String)&amp#27;[39m
product searched successfully
  &amp#27;[32mâœ”&amp#27;[39m &amp#27;[32m&amp#27;[1mThen &amp#27;[22mproduct is searching succesfully&amp#27;[39m             &amp#27;[90m# bstack_def.search.product_is_searching_succesfully()&amp#27;[39m
]]></system-out>
    <system-err><![CDATA[Sep 06, 2025 3:03:08 PM org.openqa.selenium.devtools.CdpVersionFinder findNearestMatch
WARNING: Unable to find CDP implementation matching 140
Sep 06, 2025 3:03:08 PM org.openqa.selenium.chromium.ChromiumDriver lambda$new$5
WARNING: Unable to find version of CDP to use for 140.0.7339.81. You may need to include a dependency on a specific version of the CDP using something similar to `org.seleniumhq.selenium:selenium-devtools-v86:4.22.0` where the version ("v86") matches the version of the chromium-based browser you're using and the version number of the artifact is the same as Selenium's.
Sep 06, 2025 3:03:32 PM org.openqa.selenium.remote.http.WebSocket$Listener onError
WARNING: Connection reset
java.net.SocketException: Connection reset
	at java.base/sun.nio.ch.SocketChannelImpl.throwConnectionReset(SocketChannelImpl.java:394)
	at java.base/sun.nio.ch.SocketChannelImpl.read(SocketChannelImpl.java:426)
	at java.net.http/jdk.internal.net.http.SocketTube.readAvailable(SocketTube.java:1170)
	at java.net.http/jdk.internal.net.http.SocketTube$InternalReadPublisher$InternalReadSubscription.read(SocketTube.java:833)
	at java.net.http/jdk.internal.net.http.SocketTube$SocketFlowTask.run(SocketTube.java:181)
	at java.net.http/jdk.internal.net.http.common.SequentialScheduler$SchedulableTask.run(SequentialScheduler.java:230)
	at java.net.http/jdk.internal.net.http.common.SequentialScheduler.runOrSchedule(SequentialScheduler.java:303)
	at java.net.http/jdk.internal.net.http.common.SequentialScheduler.runOrSchedule(SequentialScheduler.java:256)
	at java.net.http/jdk.internal.net.http.SocketTube$InternalReadPublisher$InternalReadSubscription.signalReadable(SocketTube.java:774)
	at java.net.http/jdk.internal.net.http.SocketTube$InternalReadPublisher$ReadEvent.signalEvent(SocketTube.java:957)
	at java.net.http/jdk.internal.net.http.SocketTube$SocketFlowEvent.handle(SocketTube.java:253)
	at java.net.http/jdk.internal.net.http.HttpClientImpl$SelectorManager.handleEvent(HttpClientImpl.java:982)
	at java.net.http/jdk.internal.net.http.HttpClientImpl$SelectorManager.lambda$run$3(HttpClientImpl.java:937)
	at java.base/java.util.ArrayList.forEach(ArrayList.java:1511)
	at java.net.http/jdk.internal.net.http.HttpClientImpl$SelectorManager.run(HttpClientImpl.java:937)

]]></system-err>
  </testcase>
  <testcase name="product search #2" classname="check user is able to search the products" time="31.692">
    <system-out><![CDATA[
&amp#27;[1mScenario Outline:&amp#27;[22m product search                      &amp#27;[90m# file:///C:/Users/raviy/eclipse-workspace/bstack_demo/src/test/resources/features/search.feature:9&amp#27;[39m
  &amp#27;[32mâœ”&amp#27;[39m &amp#27;[32m&amp#27;[1mGiven &amp#27;[22msearch page will be open in default browser&amp#27;[39m &amp#27;[90m# bstack_def.search.search_page_will_be_open_in_default_browser()&amp#27;[39m
  &amp#27;[32mâœ”&amp#27;[39m &amp#27;[32m&amp#27;[1mWhen &amp#27;[22menter multiple search &amp#27;[1msamsung&amp#27;[22m&amp#27;[39m                &amp#27;[90m# bstack_def.search.enter_multiple_search_item(java.lang.String)&amp#27;[39m
product searched successfully
  &amp#27;[32mâœ”&amp#27;[39m &amp#27;[32m&amp#27;[1mThen &amp#27;[22mproduct is searching succesfully&amp#27;[39m             &amp#27;[90m# bstack_def.search.product_is_searching_succesfully()&amp#27;[39m
]]></system-out>
    <system-err><![CDATA[Sep 06, 2025 3:03:33 PM org.openqa.selenium.devtools.CdpVersionFinder findNearestMatch
WARNING: Unable to find CDP implementation matching 140
Sep 06, 2025 3:03:33 PM org.openqa.selenium.chromium.ChromiumDriver lambda$new$5
WARNING: Unable to find version of CDP to use for 140.0.7339.81. You may need to include a dependency on a specific version of the CDP using something similar to `org.seleniumhq.selenium:selenium-devtools-v86:4.22.0` where the version ("v86") matches the version of the chromium-based browser you're using and the version number of the artifact is the same as Selenium's.
Sep 06, 2025 3:04:03 PM org.openqa.selenium.remote.http.WebSocket$Listener onError
WARNING: Connection reset
java.net.SocketException: Connection reset
	at java.base/sun.nio.ch.SocketChannelImpl.throwConnectionReset(SocketChannelImpl.java:394)
	at java.base/sun.nio.ch.SocketChannelImpl.read(SocketChannelImpl.java:426)
	at java.net.http/jdk.internal.net.http.SocketTube.readAvailable(SocketTube.java:1170)
	at java.net.http/jdk.internal.net.http.SocketTube$InternalReadPublisher$InternalReadSubscription.read(SocketTube.java:833)
	at java.net.http/jdk.internal.net.http.SocketTube$SocketFlowTask.run(SocketTube.java:181)
	at java.net.http/jdk.internal.net.http.common.SequentialScheduler$SchedulableTask.run(SequentialScheduler.java:230)
	at java.net.http/jdk.internal.net.http.common.SequentialScheduler.runOrSchedule(SequentialScheduler.java:303)
	at java.net.http/jdk.internal.net.http.common.SequentialScheduler.runOrSchedule(SequentialScheduler.java:256)
	at java.net.http/jdk.internal.net.http.SocketTube$InternalReadPublisher$InternalReadSubscription.signalReadable(SocketTube.java:774)
	at java.net.http/jdk.internal.net.http.SocketTube$InternalReadPublisher$ReadEvent.signalEvent(SocketTube.java:957)
	at java.net.http/jdk.internal.net.http.SocketTube$SocketFlowEvent.handle(SocketTube.java:253)
	at java.net.http/jdk.internal.net.http.HttpClientImpl$SelectorManager.handleEvent(HttpClientImpl.java:982)
	at java.net.http/jdk.internal.net.http.HttpClientImpl$SelectorManager.lambda$run$3(HttpClientImpl.java:937)
	at java.base/java.util.ArrayList.forEach(ArrayList.java:1511)
	at java.net.http/jdk.internal.net.http.HttpClientImpl$SelectorManager.run(HttpClientImpl.java:937)

]]></system-err>
  </testcase>
  <testcase name="product search #3" classname="check user is able to search the products" time="24.318">
    <system-out><![CDATA[
&amp#27;[1mScenario Outline:&amp#27;[22m product search                      &amp#27;[90m# file:///C:/Users/raviy/eclipse-workspace/bstack_demo/src/test/resources/features/search.feature:10&amp#27;[39m
  &amp#27;[32mâœ”&amp#27;[39m &amp#27;[32m&amp#27;[1mGiven &amp#27;[22msearch page will be open in default browser&amp#27;[39m &amp#27;[90m# bstack_def.search.search_page_will_be_open_in_default_browser()&amp#27;[39m
  &amp#27;[32mâœ”&amp#27;[39m &amp#27;[32m&amp#27;[1mWhen &amp#27;[22menter multiple search &amp#27;[1mGoogle&amp#27;[22m&amp#27;[39m                 &amp#27;[90m# bstack_def.search.enter_multiple_search_item(java.lang.String)&amp#27;[39m
product searched successfully
  &amp#27;[32mâœ”&amp#27;[39m &amp#27;[32m&amp#27;[1mThen &amp#27;[22mproduct is searching succesfully&amp#27;[39m             &amp#27;[90m# bstack_def.search.product_is_searching_succesfully()&amp#27;[39m
]]></system-out>
    <system-err><![CDATA[Sep 06, 2025 3:04:05 PM org.openqa.selenium.devtools.CdpVersionFinder findNearestMatch
WARNING: Unable to find CDP implementation matching 140
Sep 06, 2025 3:04:05 PM org.openqa.selenium.chromium.ChromiumDriver lambda$new$5
WARNING: Unable to find version of CDP to use for 140.0.7339.81. You may need to include a dependency on a specific version of the CDP using something similar to `org.seleniumhq.selenium:selenium-devtools-v86:4.22.0` where the version ("v86") matches the version of the chromium-based browser you're using and the version number of the artifact is the same as Selenium's.
Sep 06, 2025 3:04:28 PM org.openqa.selenium.remote.http.WebSocket$Listener onError
WARNING: Connection reset
java.net.SocketException: Connection reset
	at java.base/sun.nio.ch.SocketChannelImpl.throwConnectionReset(SocketChannelImpl.java:394)
	at java.base/sun.nio.ch.SocketChannelImpl.read(SocketChannelImpl.java:426)
	at java.net.http/jdk.internal.net.http.SocketTube.readAvailable(SocketTube.java:1170)
	at java.net.http/jdk.internal.net.http.SocketTube$InternalReadPublisher$InternalReadSubscription.read(SocketTube.java:833)
	at java.net.http/jdk.internal.net.http.SocketTube$SocketFlowTask.run(SocketTube.java:181)
	at java.net.http/jdk.internal.net.http.common.SequentialScheduler$SchedulableTask.run(SequentialScheduler.java:230)
	at java.net.http/jdk.internal.net.http.common.SequentialScheduler.runOrSchedule(SequentialScheduler.java:303)
	at java.net.http/jdk.internal.net.http.common.SequentialScheduler.runOrSchedule(SequentialScheduler.java:256)
	at java.net.http/jdk.internal.net.http.SocketTube$InternalReadPublisher$InternalReadSubscription.signalReadable(SocketTube.java:774)
	at java.net.http/jdk.internal.net.http.SocketTube$InternalReadPublisher$ReadEvent.signalEvent(SocketTube.java:957)
	at java.net.http/jdk.internal.net.http.SocketTube$SocketFlowEvent.handle(SocketTube.java:253)
	at java.net.http/jdk.internal.net.http.HttpClientImpl$SelectorManager.handleEvent(HttpClientImpl.java:982)
	at java.net.http/jdk.internal.net.http.HttpClientImpl$SelectorManager.lambda$run$3(HttpClientImpl.java:937)
	at java.base/java.util.ArrayList.forEach(ArrayList.java:1511)
	at java.net.http/jdk.internal.net.http.HttpClientImpl$SelectorManager.run(HttpClientImpl.java:937)

]]></system-err>
  </testcase>
  <testcase name="product search #4" classname="check user is able to search the products" time="27.865">
    <system-out><![CDATA[
&amp#27;[1mScenario Outline:&amp#27;[22m product search                      &amp#27;[90m# file:///C:/Users/raviy/eclipse-workspace/bstack_demo/src/test/resources/features/search.feature:11&amp#27;[39m
  &amp#27;[32mâœ”&amp#27;[39m &amp#27;[32m&amp#27;[1mGiven &amp#27;[22msearch page will be open in default browser&amp#27;[39m &amp#27;[90m# bstack_def.search.search_page_will_be_open_in_default_browser()&amp#27;[39m
  &amp#27;[32mâœ”&amp#27;[39m &amp#27;[32m&amp#27;[1mWhen &amp#27;[22menter multiple search &amp#27;[1mOnePlus&amp#27;[22m&amp#27;[39m                &amp#27;[90m# bstack_def.search.enter_multiple_search_item(java.lang.String)&amp#27;[39m
product searched successfully
  &amp#27;[32mâœ”&amp#27;[39m &amp#27;[32m&amp#27;[1mThen &amp#27;[22mproduct is searching succesfully&amp#27;[39m             &amp#27;[90m# bstack_def.search.product_is_searching_succesfully()&amp#27;[39m
]]></system-out>
    <system-err><![CDATA[Sep 06, 2025 3:04:29 PM org.openqa.selenium.devtools.CdpVersionFinder findNearestMatch
WARNING: Unable to find CDP implementation matching 140
Sep 06, 2025 3:04:29 PM org.openqa.selenium.chromium.ChromiumDriver lambda$new$5
WARNING: Unable to find version of CDP to use for 140.0.7339.81. You may need to include a dependency on a specific version of the CDP using something similar to `org.seleniumhq.selenium:selenium-devtools-v86:4.22.0` where the version ("v86") matches the version of the chromium-based browser you're using and the version number of the artifact is the same as Selenium's.
Sep 06, 2025 3:04:56 PM org.openqa.selenium.remote.http.WebSocket$Listener onError
WARNING: Connection reset
java.net.SocketException: Connection reset
	at java.base/sun.nio.ch.SocketChannelImpl.throwConnectionReset(SocketChannelImpl.java:394)
	at java.base/sun.nio.ch.SocketChannelImpl.read(SocketChannelImpl.java:426)
	at java.net.http/jdk.internal.net.http.SocketTube.readAvailable(SocketTube.java:1170)
	at java.net.http/jdk.internal.net.http.SocketTube$InternalReadPublisher$InternalReadSubscription.read(SocketTube.java:833)
	at java.net.http/jdk.internal.net.http.SocketTube$SocketFlowTask.run(SocketTube.java:181)
	at java.net.http/jdk.internal.net.http.common.SequentialScheduler$SchedulableTask.run(SequentialScheduler.java:230)
	at java.net.http/jdk.internal.net.http.common.SequentialScheduler.runOrSchedule(SequentialScheduler.java:303)
	at java.net.http/jdk.internal.net.http.common.SequentialScheduler.runOrSchedule(SequentialScheduler.java:256)
	at java.net.http/jdk.internal.net.http.SocketTube$InternalReadPublisher$InternalReadSubscription.signalReadable(SocketTube.java:774)
	at java.net.http/jdk.internal.net.http.SocketTube$InternalReadPublisher$ReadEvent.signalEvent(SocketTube.java:957)
	at java.net.http/jdk.internal.net.http.SocketTube$SocketFlowEvent.handle(SocketTube.java:253)
	at java.net.http/jdk.internal.net.http.HttpClientImpl$SelectorManager.handleEvent(HttpClientImpl.java:982)
	at java.net.http/jdk.internal.net.http.HttpClientImpl$SelectorManager.lambda$run$3(HttpClientImpl.java:937)
	at java.base/java.util.ArrayList.forEach(ArrayList.java:1511)
	at java.net.http/jdk.internal.net.http.HttpClientImpl$SelectorManager.run(HttpClientImpl.java:937)

]]></system-err>
  </testcase>
  <testcase name="check after checkout and enter address" classname="check user is able to enter the address" time="42.174">
    <system-out><![CDATA[
&amp#27;[1mScenario:&amp#27;[22m check after checkout and enter address      &amp#27;[90m# file:///C:/Users/raviy/eclipse-workspace/bstack_demo/src/test/resources/features/shippingaddress.feature:2&amp#27;[39m
  &amp#27;[32mâœ”&amp#27;[39m &amp#27;[32m&amp#27;[1mGiven &amp#27;[22mshipping address is open in default browser&amp#27;[39m &amp#27;[90m# bstack_def.shippingaddress.shipping_address_is_open_in_default_browser()&amp#27;[39m
  &amp#27;[32mâœ”&amp#27;[39m &amp#27;[32m&amp#27;[1mWhen &amp#27;[22mopen checkout and enter shipping address&amp#27;[39m     &amp#27;[90m# bstack_def.shippingaddress.open_checkout_and_enter_shipping_address()&amp#27;[39m
address submitted succesfully
  &amp#27;[32mâœ”&amp#27;[39m &amp#27;[32m&amp#27;[1mThen &amp#27;[22msuccessfully added address&amp#27;[39m                   &amp#27;[90m# bstack_def.shippingaddress.successfully_added_address()&amp#27;[39m
]]></system-out>
    <system-err><![CDATA[Sep 06, 2025 3:04:57 PM org.openqa.selenium.devtools.CdpVersionFinder findNearestMatch
WARNING: Unable to find CDP implementation matching 140
Sep 06, 2025 3:04:57 PM org.openqa.selenium.chromium.ChromiumDriver lambda$new$5
WARNING: Unable to find version of CDP to use for 140.0.7339.81. You may need to include a dependency on a specific version of the CDP using something similar to `org.seleniumhq.selenium:selenium-devtools-v86:4.22.0` where the version ("v86") matches the version of the chromium-based browser you're using and the version number of the artifact is the same as Selenium's.
Sep 06, 2025 3:05:38 PM org.openqa.selenium.remote.http.WebSocket$Listener onError
WARNING: Connection reset
java.net.SocketException: Connection reset
	at java.base/sun.nio.ch.SocketChannelImpl.throwConnectionReset(SocketChannelImpl.java:394)
	at java.base/sun.nio.ch.SocketChannelImpl.read(SocketChannelImpl.java:426)
	at java.net.http/jdk.internal.net.http.SocketTube.readAvailable(SocketTube.java:1170)
	at java.net.http/jdk.internal.net.http.SocketTube$InternalReadPublisher$InternalReadSubscription.read(SocketTube.java:833)
	at java.net.http/jdk.internal.net.http.SocketTube$SocketFlowTask.run(SocketTube.java:181)
	at java.net.http/jdk.internal.net.http.common.SequentialScheduler$SchedulableTask.run(SequentialScheduler.java:230)
	at java.net.http/jdk.internal.net.http.common.SequentialScheduler.runOrSchedule(SequentialScheduler.java:303)
	at java.net.http/jdk.internal.net.http.common.SequentialScheduler.runOrSchedule(SequentialScheduler.java:256)
	at java.net.http/jdk.internal.net.http.SocketTube$InternalReadPublisher$InternalReadSubscription.signalReadable(SocketTube.java:774)
	at java.net.http/jdk.internal.net.http.SocketTube$InternalReadPublisher$ReadEvent.signalEvent(SocketTube.java:957)
	at java.net.http/jdk.internal.net.http.SocketTube$SocketFlowEvent.handle(SocketTube.java:253)
	at java.net.http/jdk.internal.net.http.HttpClientImpl$SelectorManager.handleEvent(HttpClientImpl.java:982)
	at java.net.http/jdk.internal.net.http.HttpClientImpl$SelectorManager.lambda$run$3(HttpClientImpl.java:937)
	at java.base/java.util.ArrayList.forEach(ArrayList.java:1511)
	at java.net.http/jdk.internal.net.http.HttpClientImpl$SelectorManager.run(HttpClientImpl.java:937)

]]></system-err>
  </testcase>
  <testcase name="subscribe email" classname="check subscribe email" time="33.569">
    <system-out><![CDATA[
&amp#27;[1mScenario:&amp#27;[22m subscribe email                    &amp#27;[90m# file:///C:/Users/raviy/eclipse-workspace/bstack_demo/src/test/resources/features/subscribe.feature:2&amp#27;[39m
  &amp#27;[32mâœ”&amp#27;[39m &amp#27;[32m&amp#27;[1mGiven &amp#27;[22msubscribe email in default browser&amp#27;[39m &amp#27;[90m# bstack_def.subscribeemail.subscribe_email_in_default_browser()&amp#27;[39m
  &amp#27;[32mâœ”&amp#27;[39m &amp#27;[32m&amp#27;[1mWhen &amp#27;[22menter email address&amp#27;[39m                 &amp#27;[90m# bstack_def.subscribeemail.enter_email_address()&amp#27;[39m
subscribed
  &amp#27;[32mâœ”&amp#27;[39m &amp#27;[32m&amp#27;[1mThen &amp#27;[22memail subscribed succesfully&amp#27;[39m        &amp#27;[90m# bstack_def.subscribeemail.email_subscribed_succesfully()&amp#27;[39m
]]></system-out>
    <system-err><![CDATA[Sep 06, 2025 3:05:39 PM org.openqa.selenium.devtools.CdpVersionFinder findNearestMatch
WARNING: Unable to find CDP implementation matching 140
Sep 06, 2025 3:05:39 PM org.openqa.selenium.chromium.ChromiumDriver lambda$new$5
WARNING: Unable to find version of CDP to use for 140.0.7339.81. You may need to include a dependency on a specific version of the CDP using something similar to `org.seleniumhq.selenium:selenium-devtools-v86:4.22.0` where the version ("v86") matches the version of the chromium-based browser you're using and the version number of the artifact is the same as Selenium's.
Sep 06, 2025 3:06:11 PM org.openqa.selenium.remote.http.WebSocket$Listener onError
WARNING: Connection reset
java.net.SocketException: Connection reset
	at java.base/sun.nio.ch.SocketChannelImpl.throwConnectionReset(SocketChannelImpl.java:394)
	at java.base/sun.nio.ch.SocketChannelImpl.read(SocketChannelImpl.java:426)
	at java.net.http/jdk.internal.net.http.SocketTube.readAvailable(SocketTube.java:1170)
	at java.net.http/jdk.internal.net.http.SocketTube$InternalReadPublisher$InternalReadSubscription.read(SocketTube.java:833)
	at java.net.http/jdk.internal.net.http.SocketTube$SocketFlowTask.run(SocketTube.java:181)
	at java.net.http/jdk.internal.net.http.common.SequentialScheduler$SchedulableTask.run(SequentialScheduler.java:230)
	at java.net.http/jdk.internal.net.http.common.SequentialScheduler.runOrSchedule(SequentialScheduler.java:303)
	at java.net.http/jdk.internal.net.http.common.SequentialScheduler.runOrSchedule(SequentialScheduler.java:256)
	at java.net.http/jdk.internal.net.http.SocketTube$InternalReadPublisher$InternalReadSubscription.signalReadable(SocketTube.java:774)
	at java.net.http/jdk.internal.net.http.SocketTube$InternalReadPublisher$ReadEvent.signalEvent(SocketTube.java:957)
	at java.net.http/jdk.internal.net.http.SocketTube$SocketFlowEvent.handle(SocketTube.java:253)
	at java.net.http/jdk.internal.net.http.HttpClientImpl$SelectorManager.handleEvent(HttpClientImpl.java:982)
	at java.net.http/jdk.internal.net.http.HttpClientImpl$SelectorManager.lambda$run$3(HttpClientImpl.java:937)
	at java.base/java.util.ArrayList.forEach(ArrayList.java:1511)
	at java.net.http/jdk.internal.net.http.HttpClientImpl$SelectorManager.run(HttpClientImpl.java:937)

]]></system-err>
  </testcase>
  <testcase name="check user is able to select brands" classname="check vendor functionality" time="28.834">
    <system-out><![CDATA[
&amp#27;[1mScenario:&amp#27;[22m check user is able to select brands           &amp#27;[90m# file:///C:/Users/raviy/eclipse-workspace/bstack_demo/src/test/resources/features/vendors.feature:2&amp#27;[39m
  &amp#27;[32mâœ”&amp#27;[39m &amp#27;[32m&amp#27;[1mGiven &amp#27;[22mvendor page should be open in default browser&amp#27;[39m &amp#27;[90m# bstack_def.vendors.vendor_page_should_be_open_in_default_browser()&amp#27;[39m
  &amp#27;[32mâœ”&amp#27;[39m &amp#27;[32m&amp#27;[1mWhen &amp#27;[22mselect vendor and list products&amp#27;[39m                &amp#27;[90m# bstack_def.vendors.select_vendor_and_list_products()&amp#27;[39m
product displayed successfully
  &amp#27;[32mâœ”&amp#27;[39m &amp#27;[32m&amp#27;[1mThen &amp#27;[22mselected products displayed successfully&amp#27;[39m       &amp#27;[90m# bstack_def.vendors.selected_products_displayed_successfully()&amp#27;[39m
]]></system-out>
    <system-err><![CDATA[Sep 06, 2025 3:06:13 PM org.openqa.selenium.devtools.CdpVersionFinder findNearestMatch
WARNING: Unable to find CDP implementation matching 140
Sep 06, 2025 3:06:13 PM org.openqa.selenium.chromium.ChromiumDriver lambda$new$5
WARNING: Unable to find version of CDP to use for 140.0.7339.81. You may need to include a dependency on a specific version of the CDP using something similar to `org.seleniumhq.selenium:selenium-devtools-v86:4.22.0` where the version ("v86") matches the version of the chromium-based browser you're using and the version number of the artifact is the same as Selenium's.
Sep 06, 2025 3:06:40 PM org.openqa.selenium.remote.http.WebSocket$Listener onError
WARNING: Connection reset
java.net.SocketException: Connection reset
	at java.base/sun.nio.ch.SocketChannelImpl.throwConnectionReset(SocketChannelImpl.java:394)
	at java.base/sun.nio.ch.SocketChannelImpl.read(SocketChannelImpl.java:426)
	at java.net.http/jdk.internal.net.http.SocketTube.readAvailable(SocketTube.java:1170)
	at java.net.http/jdk.internal.net.http.SocketTube$InternalReadPublisher$InternalReadSubscription.read(SocketTube.java:833)
	at java.net.http/jdk.internal.net.http.SocketTube$SocketFlowTask.run(SocketTube.java:181)
	at java.net.http/jdk.internal.net.http.common.SequentialScheduler$SchedulableTask.run(SequentialScheduler.java:230)
	at java.net.http/jdk.internal.net.http.common.SequentialScheduler.runOrSchedule(SequentialScheduler.java:303)
	at java.net.http/jdk.internal.net.http.common.SequentialScheduler.runOrSchedule(SequentialScheduler.java:256)
	at java.net.http/jdk.internal.net.http.SocketTube$InternalReadPublisher$InternalReadSubscription.signalReadable(SocketTube.java:774)
	at java.net.http/jdk.internal.net.http.SocketTube$InternalReadPublisher$ReadEvent.signalEvent(SocketTube.java:957)
	at java.net.http/jdk.internal.net.http.SocketTube$SocketFlowEvent.handle(SocketTube.java:253)
	at java.net.http/jdk.internal.net.http.HttpClientImpl$SelectorManager.handleEvent(HttpClientImpl.java:982)
	at java.net.http/jdk.internal.net.http.HttpClientImpl$SelectorManager.lambda$run$3(HttpClientImpl.java:937)
	at java.base/java.util.ArrayList.forEach(ArrayList.java:1511)
	at java.net.http/jdk.internal.net.http.HttpClientImpl$SelectorManager.run(HttpClientImpl.java:937)

]]></system-err>
  </testcase>
</testsuite>